<?xml version="1.0" encoding="utf-8"?><testsuites name="pytest tests"><testsuite name="pytest" errors="0" failures="0" skipped="0" tests="11" time="4.332" timestamp="2026-09-11T15:51:26.029254+00:00" hostname="agent-env-8677666d-87f4-49c1-bf2f-9c317e0acdaf"><testcase classname="backend.tests.test_admin_features" name="test_deep_admin_login_works" time="0.662" /><testcase classname="backend.tests.test_admin_features" name="test_deep_admin_me" time="0.208" /><testcase classname="backend.tests.test_admin_features" name="test_export_log_no_auth_returns_401" time="0.300" /><testcase classname="backend.tests.test_admin_features" name="test_export_log_normal_user_returns_403" time="0.857" /><testcase classname="backend.tests.test_admin_features" name="test_export_log_admin_returns_200" time="0.212" /><testcase classname="backend.tests.test_admin_features" name="test_export_github_invalid_repo_format" time="0.213" /><testcase classname="backend.tests.test_admin_features" name="test_export_github_short_pat" time="0.248" /><testcase classname="backend.tests.test_admin_features" name="test_export_github_normal_user_forbidden" time="0.258" /><testcase classname="backend.tests.test_admin_features" name="test_export_github_invalid_pat_returns_502" time="0.549" /><testcase classname="backend.tests.test_admin_features" name="test_users_json_contains_registered_user" time="0.001" /><testcase classname="backend.tests.test_admin_features" name="test_login_activity_json_appended" time="0.602" /></testsuite></testsuites>